[2023-01-02 06:30:54] local.ERROR: file_put_contents(D:\projects\logistic\app\storage\framework/sessions/AzMpDQciKvpYmLRbZKv6w8WiyzcM8oiZKHRCIpgR): failed to open stream: No such file or directory {"exception":"[object] (ErrorException(code: 0): file_put_contents(D:\\projects\\logistic\\app\\storage\\framework/sessions/AzMpDQciKvpYmLRbZKv6w8WiyzcM8oiZKHRCIpgR): failed to open stream: No such file or directory at D:\\projects\\logistic\\www\\app\\vendor\\laravel\\framework\\src\\Illuminate\\Filesystem\\Filesystem.php:133)
[stacktrace]
#0 [internal function]: Illuminate\\Foundation\\Bootstrap\\HandleExceptions->handleError(2, 'file_put_conten...', 'D:\\\\projects\\\\log...', 133, Array)
#1 D:\\projects\\logistic\\www\\app\\vendor\\laravel\\framework\\src\\Illuminate\\Filesystem\\Filesystem.php(133): file_put_contents('D:\\\\projects\\\\log...', 'a:4:{s:6:\"_toke...', 2)
#2 D:\\projects\\logistic\\www\\app\\vendor\\laravel\\framework\\src\\Illuminate\\Session\\FileSessionHandler.php(83): Illuminate\\Filesystem\\Filesystem->put('D:\\\\projects\\\\log...', 'a:4:{s:6:\"_toke...', true)
#3 D:\\projects\\logistic\\www\\app\\vendor\\laravel\\framework\\src\\Illuminate\\Session\\Store.php(129): Illuminate\\Session\\FileSessionHandler->write('AzMpDQciKvpYmLR...', 'a:4:{s:6:\"_toke...')
#4 D:\\projects\\logistic\\www\\app\\vendor\\laravel\\framework\\src\\Illuminate\\Session\\Middleware\\StartSession.php(170): Illuminate\\Session\\Store->save()
#5 D:\\projects\\logistic\\www\\app\\vendor\\laravel\\framework\\src\\Illuminate\\Session\\Middleware\\StartSession.php(65): Illuminate\\Session\\Middleware\\StartSession->saveSession(Object(Illuminate\\Http\\Request))
#6 D:\\projects\\logistic\\www\\app\\vendor\\laravel\\framework\\src\\Illuminate\\Pipeline\\Pipeline.php(171): Illuminate\\Session\\Middleware\\StartSession->handle(Object(Illuminate\\Http\\Request), Object(Closure))
#7 D:\\projects\\logistic\\www\\app\\vendor\\laravel\\framework\\src\\Illuminate\\Cookie\\Middleware\\AddQueuedCookiesToResponse.php(37): Illuminate\\Pipeline\\Pipeline->Illuminate\\Pipeline\\{closure}(Object(Illuminate\\Http\\Request))
#8 D:\\projects\\logistic\\www\\app\\vendor\\laravel\\framework\\src\\Illuminate\\Pipeline\\Pipeline.php(171): Illuminate\\Cookie\\Middleware\\AddQueuedCookiesToResponse->handle(Object(Illuminate\\Http\\Request), Object(Closure))
#9 D:\\projects\\logistic\\www\\app\\vendor\\laravel\\framework\\src\\Illuminate\\Cookie\\Middleware\\EncryptCookies.php(67): Illuminate\\Pipeline\\Pipeline->Illuminate\\Pipeline\\{closure}(Object(Illuminate\\Http\\Request))
#10 D:\\projects\\logistic\\www\\app\\vendor\\laravel\\framework\\src\\Illuminate\\Pipeline\\Pipeline.php(171): Illuminate\\Cookie\\Middleware\\EncryptCookies->handle(Object(Illuminate\\Http\\Request), Object(Closure))
#11 D:\\projects\\logistic\\www\\app\\vendor\\laravel\\framework\\src\\Illuminate\\Pipeline\\Pipeline.php(105): Illuminate\\Pipeline\\Pipeline->Illuminate\\Pipeline\\{closure}(Object(Illuminate\\Http\\Request))
#12 D:\\projects\\logistic\\www\\app\\vendor\\laravel\\framework\\src\\Illuminate\\Routing\\Router.php(683): Illuminate\\Pipeline\\Pipeline->then(Object(Closure))
#13 D:\\projects\\logistic\\www\\app\\vendor\\laravel\\framework\\src\\Illuminate\\Routing\\Router.php(658): Illuminate\\Routing\\Router->runRouteWithinStack(Object(Illuminate\\Routing\\Route), Object(Illuminate\\Http\\Request))
#14 D:\\projects\\logistic\\www\\app\\vendor\\laravel\\framework\\src\\Illuminate\\Routing\\Router.php(624): Illuminate\\Routing\\Router->runRoute(Object(Illuminate\\Http\\Request), Object(Illuminate\\Routing\\Route))
#15 D:\\projects\\logistic\\www\\app\\vendor\\laravel\\framework\\src\\Illuminate\\Routing\\Router.php(613): Illuminate\\Routing\\Router->dispatchToRoute(Object(Illuminate\\Http\\Request))
#16 D:\\projects\\logistic\\www\\app\\vendor\\laravel\\framework\\src\\Illuminate\\Foundation\\Http\\Kernel.php(170): Illuminate\\Routing\\Router->dispatch(Object(Illuminate\\Http\\Request))
#17 D:\\projects\\logistic\\www\\app\\vendor\\laravel\\framework\\src\\Illuminate\\Pipeline\\Pipeline.php(130): Illuminate\\Foundation\\Http\\Kernel->Illuminate\\Foundation\\Http\\{closure}(Object(Illuminate\\Http\\Request))
#18 D:\\projects\\logistic\\www\\app\\vendor\\barryvdh\\laravel-debugbar\\src\\Middleware\\InjectDebugbar.php(65): Illuminate\\Pipeline\\Pipeline->Illuminate\\Pipeline\\{closure}(Object(Illuminate\\Http\\Request))
#19 D:\\projects\\logistic\\www\\app\\vendor\\laravel\\framework\\src\\Illuminate\\Pipeline\\Pipeline.php(171): Barryvdh\\Debugbar\\Middleware\\InjectDebugbar->handle(Object(Illuminate\\Http\\Request), Object(Closure))
#20 D:\\projects\\logistic\\www\\app\\vendor\\laravel\\framework\\src\\Illuminate\\Foundation\\Http\\Middleware\\TransformsRequest.php(21): Illuminate\\Pipeline\\Pipeline->Illuminate\\Pipeline\\{closure}(Object(Illuminate\\Http\\Request))
#21 D:\\projects\\logistic\\www\\app\\vendor\\laravel\\framework\\src\\Illuminate\\Pipeline\\Pipeline.php(171): Illuminate\\Foundation\\Http\\Middleware\\TransformsRequest->handle(Object(Illuminate\\Http\\Request), Object(Closure))
#22 D:\\projects\\logistic\\www\\app\\vendor\\laravel\\framework\\src\\Illuminate\\Foundation\\Http\\Middleware\\TransformsRequest.php(21): Illuminate\\Pipeline\\Pipeline->Illuminate\\Pipeline\\{closure}(Object(Illuminate\\Http\\Request))
#23 D:\\projects\\logistic\\www\\app\\vendor\\laravel\\framework\\src\\Illuminate\\Pipeline\\Pipeline.php(171): Illuminate\\Foundation\\Http\\Middleware\\TransformsRequest->handle(Object(Illuminate\\Http\\Request), Object(Closure))
#24 D:\\projects\\logistic\\www\\app\\vendor\\laravel\\framework\\src\\Illuminate\\Foundation\\Http\\Middleware\\ValidatePostSize.php(27): Illuminate\\Pipeline\\Pipeline->Illuminate\\Pipeline\\{closure}(Object(Illuminate\\Http\\Request))
#25 D:\\projects\\logistic\\www\\app\\vendor\\laravel\\framework\\src\\Illuminate\\Pipeline\\Pipeline.php(171): Illuminate\\Foundation\\Http\\Middleware\\ValidatePostSize->handle(Object(Illuminate\\Http\\Request), Object(Closure))
#26 D:\\projects\\logistic\\www\\app\\vendor\\laravel\\framework\\src\\Illuminate\\Foundation\\Http\\Middleware\\CheckForMaintenanceMode.php(63): Illuminate\\Pipeline\\Pipeline->Illuminate\\Pipeline\\{closure}(Object(Illuminate\\Http\\Request))
#27 D:\\projects\\logistic\\www\\app\\vendor\\laravel\\framework\\src\\Illuminate\\Pipeline\\Pipeline.php(171): Illuminate\\Foundation\\Http\\Middleware\\CheckForMaintenanceMode->handle(Object(Illuminate\\Http\\Request), Object(Closure))
#28 D:\\projects\\logistic\\www\\app\\vendor\\fideloper\\proxy\\src\\TrustProxies.php(57): Illuminate\\Pipeline\\Pipeline->Illuminate\\Pipeline\\{closure}(Object(Illuminate\\Http\\Request))
#29 D:\\projects\\logistic\\www\\app\\vendor\\laravel\\framework\\src\\Illuminate\\Pipeline\\Pipeline.php(171): Fideloper\\Proxy\\TrustProxies->handle(Object(Illuminate\\Http\\Request), Object(Closure))
#30 D:\\projects\\logistic\\www\\app\\vendor\\laravel\\framework\\src\\Illuminate\\Pipeline\\Pipeline.php(105): Illuminate\\Pipeline\\Pipeline->Illuminate\\Pipeline\\{closure}(Object(Illuminate\\Http\\Request))
#31 D:\\projects\\logistic\\www\\app\\vendor\\laravel\\framework\\src\\Illuminate\\Foundation\\Http\\Kernel.php(145): Illuminate\\Pipeline\\Pipeline->then(Object(Closure))
#32 D:\\projects\\logistic\\www\\app\\vendor\\laravel\\framework\\src\\Illuminate\\Foundation\\Http\\Kernel.php(110): Illuminate\\Foundation\\Http\\Kernel->sendRequestThroughRouter(Object(Illuminate\\Http\\Request))
#33 D:\\projects\\logistic\\www\\app\\public\\index.php(55): Illuminate\\Foundation\\Http\\Kernel->handle(Object(Illuminate\\Http\\Request))
#34 D:\\projects\\logistic\\www\\app\\server.php(21): require_once('D:\\\\projects\\\\log...')
#35 {main}
"} 
[2023-01-02 06:31:17] local.ERROR: file_put_contents(D:\projects\logistic\app\storage\framework/sessions/zyC3Qc6PHlgsFUG5KgNmyjb8vZ7u8BOt0ATabJqI): failed to open stream: No such file or directory {"exception":"[object] (ErrorException(code: 0): file_put_contents(D:\\projects\\logistic\\app\\storage\\framework/sessions/zyC3Qc6PHlgsFUG5KgNmyjb8vZ7u8BOt0ATabJqI): failed to open stream: No such file or directory at D:\\projects\\logistic\\www\\app\\vendor\\laravel\\framework\\src\\Illuminate\\Filesystem\\Filesystem.php:133)
[stacktrace]
#0 [internal function]: Illuminate\\Foundation\\Bootstrap\\HandleExceptions->handleError(2, 'file_put_conten...', 'D:\\\\projects\\\\log...', 133, Array)
#1 D:\\projects\\logistic\\www\\app\\vendor\\laravel\\framework\\src\\Illuminate\\Filesystem\\Filesystem.php(133): file_put_contents('D:\\\\projects\\\\log...', 'a:4:{s:6:\"_toke...', 2)
#2 D:\\projects\\logistic\\www\\app\\vendor\\laravel\\framework\\src\\Illuminate\\Session\\FileSessionHandler.php(83): Illuminate\\Filesystem\\Filesystem->put('D:\\\\projects\\\\log...', 'a:4:{s:6:\"_toke...', true)
#3 D:\\projects\\logistic\\www\\app\\vendor\\laravel\\framework\\src\\Illuminate\\Session\\Store.php(129): Illuminate\\Session\\FileSessionHandler->write('zyC3Qc6PHlgsFUG...', 'a:4:{s:6:\"_toke...')
#4 D:\\projects\\logistic\\www\\app\\vendor\\laravel\\framework\\src\\Illuminate\\Session\\Middleware\\StartSession.php(170): Illuminate\\Session\\Store->save()
#5 D:\\projects\\logistic\\www\\app\\vendor\\laravel\\framework\\src\\Illuminate\\Session\\Middleware\\StartSession.php(65): Illuminate\\Session\\Middleware\\StartSession->saveSession(Object(Illuminate\\Http\\Request))
#6 D:\\projects\\logistic\\www\\app\\vendor\\laravel\\framework\\src\\Illuminate\\Pipeline\\Pipeline.php(171): Illuminate\\Session\\Middleware\\StartSession->handle(Object(Illuminate\\Http\\Request), Object(Closure))
#7 D:\\projects\\logistic\\www\\app\\vendor\\laravel\\framework\\src\\Illuminate\\Cookie\\Middleware\\AddQueuedCookiesToResponse.php(37): Illuminate\\Pipeline\\Pipeline->Illuminate\\Pipeline\\{closure}(Object(Illuminate\\Http\\Request))
#8 D:\\projects\\logistic\\www\\app\\vendor\\laravel\\framework\\src\\Illuminate\\Pipeline\\Pipeline.php(171): Illuminate\\Cookie\\Middleware\\AddQueuedCookiesToResponse->handle(Object(Illuminate\\Http\\Request), Object(Closure))
#9 D:\\projects\\logistic\\www\\app\\vendor\\laravel\\framework\\src\\Illuminate\\Cookie\\Middleware\\EncryptCookies.php(67): Illuminate\\Pipeline\\Pipeline->Illuminate\\Pipeline\\{closure}(Object(Illuminate\\Http\\Request))
#10 D:\\projects\\logistic\\www\\app\\vendor\\laravel\\framework\\src\\Illuminate\\Pipeline\\Pipeline.php(171): Illuminate\\Cookie\\Middleware\\EncryptCookies->handle(Object(Illuminate\\Http\\Request), Object(Closure))
#11 D:\\projects\\logistic\\www\\app\\vendor\\laravel\\framework\\src\\Illuminate\\Pipeline\\Pipeline.php(105): Illuminate\\Pipeline\\Pipeline->Illuminate\\Pipeline\\{closure}(Object(Illuminate\\Http\\Request))
#12 D:\\projects\\logistic\\www\\app\\vendor\\laravel\\framework\\src\\Illuminate\\Routing\\Router.php(683): Illuminate\\Pipeline\\Pipeline->then(Object(Closure))
#13 D:\\projects\\logistic\\www\\app\\vendor\\laravel\\framework\\src\\Illuminate\\Routing\\Router.php(658): Illuminate\\Routing\\Router->runRouteWithinStack(Object(Illuminate\\Routing\\Route), Object(Illuminate\\Http\\Request))
#14 D:\\projects\\logistic\\www\\app\\vendor\\laravel\\framework\\src\\Illuminate\\Routing\\Router.php(624): Illuminate\\Routing\\Router->runRoute(Object(Illuminate\\Http\\Request), Object(Illuminate\\Routing\\Route))
#15 D:\\projects\\logistic\\www\\app\\vendor\\laravel\\framework\\src\\Illuminate\\Routing\\Router.php(613): Illuminate\\Routing\\Router->dispatchToRoute(Object(Illuminate\\Http\\Request))
#16 D:\\projects\\logistic\\www\\app\\vendor\\laravel\\framework\\src\\Illuminate\\Foundation\\Http\\Kernel.php(170): Illuminate\\Routing\\Router->dispatch(Object(Illuminate\\Http\\Request))
#17 D:\\projects\\logistic\\www\\app\\vendor\\laravel\\framework\\src\\Illuminate\\Pipeline\\Pipeline.php(130): Illuminate\\Foundation\\Http\\Kernel->Illuminate\\Foundation\\Http\\{closure}(Object(Illuminate\\Http\\Request))
#18 D:\\projects\\logistic\\www\\app\\vendor\\barryvdh\\laravel-debugbar\\src\\Middleware\\InjectDebugbar.php(65): Illuminate\\Pipeline\\Pipeline->Illuminate\\Pipeline\\{closure}(Object(Illuminate\\Http\\Request))
#19 D:\\projects\\logistic\\www\\app\\vendor\\laravel\\framework\\src\\Illuminate\\Pipeline\\Pipeline.php(171): Barryvdh\\Debugbar\\Middleware\\InjectDebugbar->handle(Object(Illuminate\\Http\\Request), Object(Closure))
#20 D:\\projects\\logistic\\www\\app\\vendor\\laravel\\framework\\src\\Illuminate\\Foundation\\Http\\Middleware\\TransformsRequest.php(21): Illuminate\\Pipeline\\Pipeline->Illuminate\\Pipeline\\{closure}(Object(Illuminate\\Http\\Request))
#21 D:\\projects\\logistic\\www\\app\\vendor\\laravel\\framework\\src\\Illuminate\\Pipeline\\Pipeline.php(171): Illuminate\\Foundation\\Http\\Middleware\\TransformsRequest->handle(Object(Illuminate\\Http\\Request), Object(Closure))
#22 D:\\projects\\logistic\\www\\app\\vendor\\laravel\\framework\\src\\Illuminate\\Foundation\\Http\\Middleware\\TransformsRequest.php(21): Illuminate\\Pipeline\\Pipeline->Illuminate\\Pipeline\\{closure}(Object(Illuminate\\Http\\Request))
#23 D:\\projects\\logistic\\www\\app\\vendor\\laravel\\framework\\src\\Illuminate\\Pipeline\\Pipeline.php(171): Illuminate\\Foundation\\Http\\Middleware\\TransformsRequest->handle(Object(Illuminate\\Http\\Request), Object(Closure))
#24 D:\\projects\\logistic\\www\\app\\vendor\\laravel\\framework\\src\\Illuminate\\Foundation\\Http\\Middleware\\ValidatePostSize.php(27): Illuminate\\Pipeline\\Pipeline->Illuminate\\Pipeline\\{closure}(Object(Illuminate\\Http\\Request))
#25 D:\\projects\\logistic\\www\\app\\vendor\\laravel\\framework\\src\\Illuminate\\Pipeline\\Pipeline.php(171): Illuminate\\Foundation\\Http\\Middleware\\ValidatePostSize->handle(Object(Illuminate\\Http\\Request), Object(Closure))
#26 D:\\projects\\logistic\\www\\app\\vendor\\laravel\\framework\\src\\Illuminate\\Foundation\\Http\\Middleware\\CheckForMaintenanceMode.php(63): Illuminate\\Pipeline\\Pipeline->Illuminate\\Pipeline\\{closure}(Object(Illuminate\\Http\\Request))
#27 D:\\projects\\logistic\\www\\app\\vendor\\laravel\\framework\\src\\Illuminate\\Pipeline\\Pipeline.php(171): Illuminate\\Foundation\\Http\\Middleware\\CheckForMaintenanceMode->handle(Object(Illuminate\\Http\\Request), Object(Closure))
#28 D:\\projects\\logistic\\www\\app\\vendor\\fideloper\\proxy\\src\\TrustProxies.php(57): Illuminate\\Pipeline\\Pipeline->Illuminate\\Pipeline\\{closure}(Object(Illuminate\\Http\\Request))
#29 D:\\projects\\logistic\\www\\app\\vendor\\laravel\\framework\\src\\Illuminate\\Pipeline\\Pipeline.php(171): Fideloper\\Proxy\\TrustProxies->handle(Object(Illuminate\\Http\\Request), Object(Closure))
#30 D:\\projects\\logistic\\www\\app\\vendor\\laravel\\framework\\src\\Illuminate\\Pipeline\\Pipeline.php(105): Illuminate\\Pipeline\\Pipeline->Illuminate\\Pipeline\\{closure}(Object(Illuminate\\Http\\Request))
#31 D:\\projects\\logistic\\www\\app\\vendor\\laravel\\framework\\src\\Illuminate\\Foundation\\Http\\Kernel.php(145): Illuminate\\Pipeline\\Pipeline->then(Object(Closure))
#32 D:\\projects\\logistic\\www\\app\\vendor\\laravel\\framework\\src\\Illuminate\\Foundation\\Http\\Kernel.php(110): Illuminate\\Foundation\\Http\\Kernel->sendRequestThroughRouter(Object(Illuminate\\Http\\Request))
#33 D:\\projects\\logistic\\www\\app\\public\\index.php(55): Illuminate\\Foundation\\Http\\Kernel->handle(Object(Illuminate\\Http\\Request))
#34 D:\\projects\\logistic\\www\\app\\server.php(21): require_once('D:\\\\projects\\\\log...')
#35 {main}
"} 
[2023-01-02 06:31:23] local.ERROR: file_put_contents(D:\projects\logistic\app\storage\framework/sessions/YBlTbmPzXww2Jv4IAPfR05zVjeNKGQjewSmhjmOc): failed to open stream: No such file or directory {"exception":"[object] (ErrorException(code: 0): file_put_contents(D:\\projects\\logistic\\app\\storage\\framework/sessions/YBlTbmPzXww2Jv4IAPfR05zVjeNKGQjewSmhjmOc): failed to open stream: No such file or directory at D:\\projects\\logistic\\www\\app\\vendor\\laravel\\framework\\src\\Illuminate\\Filesystem\\Filesystem.php:133)
[stacktrace]
#0 [internal function]: Illuminate\\Foundation\\Bootstrap\\HandleExceptions->handleError(2, 'file_put_conten...', 'D:\\\\projects\\\\log...', 133, Array)
#1 D:\\projects\\logistic\\www\\app\\vendor\\laravel\\framework\\src\\Illuminate\\Filesystem\\Filesystem.php(133): file_put_contents('D:\\\\projects\\\\log...', 'a:4:{s:6:\"_toke...', 2)
#2 D:\\projects\\logistic\\www\\app\\vendor\\laravel\\framework\\src\\Illuminate\\Session\\FileSessionHandler.php(83): Illuminate\\Filesystem\\Filesystem->put('D:\\\\projects\\\\log...', 'a:4:{s:6:\"_toke...', true)
#3 D:\\projects\\logistic\\www\\app\\vendor\\laravel\\framework\\src\\Illuminate\\Session\\Store.php(129): Illuminate\\Session\\FileSessionHandler->write('YBlTbmPzXww2Jv4...', 'a:4:{s:6:\"_toke...')
#4 D:\\projects\\logistic\\www\\app\\vendor\\laravel\\framework\\src\\Illuminate\\Session\\Middleware\\StartSession.php(170): Illuminate\\Session\\Store->save()
#5 D:\\projects\\logistic\\www\\app\\vendor\\laravel\\framework\\src\\Illuminate\\Session\\Middleware\\StartSession.php(65): Illuminate\\Session\\Middleware\\StartSession->saveSession(Object(Illuminate\\Http\\Request))
#6 D:\\projects\\logistic\\www\\app\\vendor\\laravel\\framework\\src\\Illuminate\\Pipeline\\Pipeline.php(171): Illuminate\\Session\\Middleware\\StartSession->handle(Object(Illuminate\\Http\\Request), Object(Closure))
#7 D:\\projects\\logistic\\www\\app\\vendor\\laravel\\framework\\src\\Illuminate\\Cookie\\Middleware\\AddQueuedCookiesToResponse.php(37): Illuminate\\Pipeline\\Pipeline->Illuminate\\Pipeline\\{closure}(Object(Illuminate\\Http\\Request))
#8 D:\\projects\\logistic\\www\\app\\vendor\\laravel\\framework\\src\\Illuminate\\Pipeline\\Pipeline.php(171): Illuminate\\Cookie\\Middleware\\AddQueuedCookiesToResponse->handle(Object(Illuminate\\Http\\Request), Object(Closure))
#9 D:\\projects\\logistic\\www\\app\\vendor\\laravel\\framework\\src\\Illuminate\\Cookie\\Middleware\\EncryptCookies.php(67): Illuminate\\Pipeline\\Pipeline->Illuminate\\Pipeline\\{closure}(Object(Illuminate\\Http\\Request))
#10 D:\\projects\\logistic\\www\\app\\vendor\\laravel\\framework\\src\\Illuminate\\Pipeline\\Pipeline.php(171): Illuminate\\Cookie\\Middleware\\EncryptCookies->handle(Object(Illuminate\\Http\\Request), Object(Closure))
#11 D:\\projects\\logistic\\www\\app\\vendor\\laravel\\framework\\src\\Illuminate\\Pipeline\\Pipeline.php(105): Illuminate\\Pipeline\\Pipeline->Illuminate\\Pipeline\\{closure}(Object(Illuminate\\Http\\Request))
#12 D:\\projects\\logistic\\www\\app\\vendor\\laravel\\framework\\src\\Illuminate\\Routing\\Router.php(683): Illuminate\\Pipeline\\Pipeline->then(Object(Closure))
#13 D:\\projects\\logistic\\www\\app\\vendor\\laravel\\framework\\src\\Illuminate\\Routing\\Router.php(658): Illuminate\\Routing\\Router->runRouteWithinStack(Object(Illuminate\\Routing\\Route), Object(Illuminate\\Http\\Request))
#14 D:\\projects\\logistic\\www\\app\\vendor\\laravel\\framework\\src\\Illuminate\\Routing\\Router.php(624): Illuminate\\Routing\\Router->runRoute(Object(Illuminate\\Http\\Request), Object(Illuminate\\Routing\\Route))
#15 D:\\projects\\logistic\\www\\app\\vendor\\laravel\\framework\\src\\Illuminate\\Routing\\Router.php(613): Illuminate\\Routing\\Router->dispatchToRoute(Object(Illuminate\\Http\\Request))
#16 D:\\projects\\logistic\\www\\app\\vendor\\laravel\\framework\\src\\Illuminate\\Foundation\\Http\\Kernel.php(170): Illuminate\\Routing\\Router->dispatch(Object(Illuminate\\Http\\Request))
#17 D:\\projects\\logistic\\www\\app\\vendor\\laravel\\framework\\src\\Illuminate\\Pipeline\\Pipeline.php(130): Illuminate\\Foundation\\Http\\Kernel->Illuminate\\Foundation\\Http\\{closure}(Object(Illuminate\\Http\\Request))
#18 D:\\projects\\logistic\\www\\app\\vendor\\barryvdh\\laravel-debugbar\\src\\Middleware\\InjectDebugbar.php(65): Illuminate\\Pipeline\\Pipeline->Illuminate\\Pipeline\\{closure}(Object(Illuminate\\Http\\Request))
#19 D:\\projects\\logistic\\www\\app\\vendor\\laravel\\framework\\src\\Illuminate\\Pipeline\\Pipeline.php(171): Barryvdh\\Debugbar\\Middleware\\InjectDebugbar->handle(Object(Illuminate\\Http\\Request), Object(Closure))
#20 D:\\projects\\logistic\\www\\app\\vendor\\laravel\\framework\\src\\Illuminate\\Foundation\\Http\\Middleware\\TransformsRequest.php(21): Illuminate\\Pipeline\\Pipeline->Illuminate\\Pipeline\\{closure}(Object(Illuminate\\Http\\Request))
#21 D:\\projects\\logistic\\www\\app\\vendor\\laravel\\framework\\src\\Illuminate\\Pipeline\\Pipeline.php(171): Illuminate\\Foundation\\Http\\Middleware\\TransformsRequest->handle(Object(Illuminate\\Http\\Request), Object(Closure))
#22 D:\\projects\\logistic\\www\\app\\vendor\\laravel\\framework\\src\\Illuminate\\Foundation\\Http\\Middleware\\TransformsRequest.php(21): Illuminate\\Pipeline\\Pipeline->Illuminate\\Pipeline\\{closure}(Object(Illuminate\\Http\\Request))
#23 D:\\projects\\logistic\\www\\app\\vendor\\laravel\\framework\\src\\Illuminate\\Pipeline\\Pipeline.php(171): Illuminate\\Foundation\\Http\\Middleware\\TransformsRequest->handle(Object(Illuminate\\Http\\Request), Object(Closure))
#24 D:\\projects\\logistic\\www\\app\\vendor\\laravel\\framework\\src\\Illuminate\\Foundation\\Http\\Middleware\\ValidatePostSize.php(27): Illuminate\\Pipeline\\Pipeline->Illuminate\\Pipeline\\{closure}(Object(Illuminate\\Http\\Request))
#25 D:\\projects\\logistic\\www\\app\\vendor\\laravel\\framework\\src\\Illuminate\\Pipeline\\Pipeline.php(171): Illuminate\\Foundation\\Http\\Middleware\\ValidatePostSize->handle(Object(Illuminate\\Http\\Request), Object(Closure))
#26 D:\\projects\\logistic\\www\\app\\vendor\\laravel\\framework\\src\\Illuminate\\Foundation\\Http\\Middleware\\CheckForMaintenanceMode.php(63): Illuminate\\Pipeline\\Pipeline->Illuminate\\Pipeline\\{closure}(Object(Illuminate\\Http\\Request))
#27 D:\\projects\\logistic\\www\\app\\vendor\\laravel\\framework\\src\\Illuminate\\Pipeline\\Pipeline.php(171): Illuminate\\Foundation\\Http\\Middleware\\CheckForMaintenanceMode->handle(Object(Illuminate\\Http\\Request), Object(Closure))
#28 D:\\projects\\logistic\\www\\app\\vendor\\fideloper\\proxy\\src\\TrustProxies.php(57): Illuminate\\Pipeline\\Pipeline->Illuminate\\Pipeline\\{closure}(Object(Illuminate\\Http\\Request))
#29 D:\\projects\\logistic\\www\\app\\vendor\\laravel\\framework\\src\\Illuminate\\Pipeline\\Pipeline.php(171): Fideloper\\Proxy\\TrustProxies->handle(Object(Illuminate\\Http\\Request), Object(Closure))
#30 D:\\projects\\logistic\\www\\app\\vendor\\laravel\\framework\\src\\Illuminate\\Pipeline\\Pipeline.php(105): Illuminate\\Pipeline\\Pipeline->Illuminate\\Pipeline\\{closure}(Object(Illuminate\\Http\\Request))
#31 D:\\projects\\logistic\\www\\app\\vendor\\laravel\\framework\\src\\Illuminate\\Foundation\\Http\\Kernel.php(145): Illuminate\\Pipeline\\Pipeline->then(Object(Closure))
#32 D:\\projects\\logistic\\www\\app\\vendor\\laravel\\framework\\src\\Illuminate\\Foundation\\Http\\Kernel.php(110): Illuminate\\Foundation\\Http\\Kernel->sendRequestThroughRouter(Object(Illuminate\\Http\\Request))
#33 D:\\projects\\logistic\\www\\app\\public\\index.php(55): Illuminate\\Foundation\\Http\\Kernel->handle(Object(Illuminate\\Http\\Request))
#34 D:\\projects\\logistic\\www\\app\\server.php(21): require_once('D:\\\\projects\\\\log...')
#35 {main}
"} 
